Compiling the C compiler identification source file "CMakeCCompilerId.c" failed.
Compiler: C:/MinGW/bin/gcc.exe 
Build flags: 
Id flags:  

The output was:
1


Compiling the C compiler identification source file "CMakeCCompilerId.c" failed.
Compiler: C:/MinGW/bin/gcc.exe 
Build flags: 
Id flags: -c 

The output was:
1


Compiling the C compiler identification source file "CMakeCCompilerId.c" failed.
Compiler: C:/MinGW/bin/gcc.exe 
Build flags: 
Id flags: -Aa 

The output was:
1


Compiling the C compiler identification source file "CMakeCCompilerId.c" failed.
Compiler: C:/MinGW/bin/gcc.exe 
Build flags: 
Id flags: -D__CLASSIC_C__ 

The output was:
1


Compiling the C compiler identification source file "CMakeCCompilerId.c" failed.
Compiler: C:/MinGW/bin/gcc.exe 
Build flags: 
Id flags:  

The output was:
1


